#
# There is insufficient memory for the Java Runtime Environment to continue.
# Native memory allocation (malloc) failed to allocate 2080976 bytes for Chunk::new
# Possible reasons:
#   The system is out of physical RAM or swap space
#   In 32 bit mode, the process size limit was hit
# Possible solutions:
#   Reduce memory load on the system
#   Increase physical memory or swap space
#   Check if swap backing store is full
#   Use 64 bit Java on a 64 bit OS
#   Decrease Java heap size (-Xmx/-Xms)
#   Decrease number of Java threads
#   Decrease Java thread stack sizes (-Xss)
#   Set larger code cache with -XX:ReservedCodeCacheSize=
# This output file may be truncated or incomplete.
#
#  Out of Memory Error (allocation.cpp:390), pid=11200, tid=0x0000000000001b7c
#
# JRE version: OpenJDK Runtime Environment (8.0_152-b01) (build 1.8.0_152-release-1248-b01)
# Java VM: OpenJDK 64-Bit Server VM (25.152-b01 mixed mode windows-amd64 compressed oops)
# Failed to write core dump. Minidumps are not enabled by default on client versions of Windows
#

---------------  T H R E A D  ---------------

Current thread (0x000000001715a000):  JavaThread "C2 CompilerThread0" daemon [_thread_in_native, id=7036, stack(0x0000000018a70000,0x0000000018b70000)]

Stack: [0x0000000018a70000,0x0000000018b70000]
[error occurred during error reporting (printing stack bounds), id 0xc0000005]

Native frames: (J=compiled Java code, j=interpreted, Vv=VM code, C=native code)


Current CompileTask:
C2:   5128 2212       4       groovy.lang.MetaClassImpl$1MOPIter::methodNameAction (479 bytes)


---------------  P R O C E S S  ---------------

Java Threads: ( => current thread )
  0x000000001cc70800 JavaThread "Cache worker for Artifact transforms cache (C:\Users\han1254\.gradle\caches\transforms-1)" [_thread_blocked, id=3532, stack(0x00000000207f0000,0x00000000208f0000)]
  0x000000001a18f800 JavaThread "Cache worker for cache directory md-rule (C:\Users\han1254\.gradle\caches\4.10.1\md-rule)" [_thread_blocked, id=27480, stack(0x00000000206f0000,0x00000000207f0000)]
  0x000000001a18f000 JavaThread "Cache worker for cache directory md-supplier (C:\Users\han1254\.gradle\caches\4.10.1\md-supplier)" [_thread_blocked, id=24064, stack(0x0000000020440000,0x0000000020540000)]
  0x000000001a18d800 JavaThread "Cache worker for journal cache (C:\Users\han1254\.gradle\caches\journal-1)" [_thread_blocked, id=27932, stack(0x000000001dda0000,0x000000001dea0000)]
  0x000000001a192800 JavaThread "Cache worker for file hash cache (F:\Cloud\github\Study\Android\ReBy\.gradle\4.10.1\fileHashes)" [_thread_blocked, id=5940, stack(0x000000001d790000,0x000000001d890000)]
  0x000000001a190800 JavaThread "File lock request listener" [_thread_in_native, id=26380, stack(0x000000001c6c0000,0x000000001c7c0000)]
  0x000000001a18c000 JavaThread "Cache worker for file hash cache (C:\Users\han1254\.gradle\caches\4.10.1\fileHashes)" [_thread_blocked, id=13948, stack(0x000000001c5c0000,0x000000001c6c0000)]
  0x000000001a18e000 JavaThread "Stdin handler" [_thread_blocked, id=22288, stack(0x000000001b2f0000,0x000000001b3f0000)]
  0x000000001a188800 JavaThread "Asynchronous log dispatcher for DefaultDaemonConnection: socket connection from /127.0.0.1:65255 to /127.0.0.1:65257" [_thread_blocked, id=5036, stack(0x000000001b1f0000,0x000000001b2f0000)]
  0x000000001a1ab000 JavaThread "Daemon worker" [_thread_in_native, id=29024, stack(0x000000001b0f0000,0x000000001b1f0000)]
  0x000000001a1aa000 JavaThread "Cancel handler" [_thread_blocked, id=25884, stack(0x000000001aff0000,0x000000001b0f0000)]
  0x0000000019e76000 JavaThread "Handler for socket connection from /127.0.0.1:65255 to /127.0.0.1:65257" [_thread_in_native, id=23460, stack(0x000000001acf0000,0x000000001adf0000)]
  0x0000000019e73000 JavaThread "Daemon" [_thread_blocked, id=29988, stack(0x000000001abf0000,0x000000001acf0000)]
  0x0000000019e3f000 JavaThread "Daemon periodic checks" [_thread_blocked, id=18428, stack(0x000000001aaf0000,0x000000001abf0000)]
  0x0000000019e4e000 JavaThread "Incoming local TCP Connector on port 65255" [_thread_in_native, id=33012, stack(0x000000001a940000,0x000000001aa40000)]
  0x0000000018501000 JavaThread "Service Thread" daemon [_thread_blocked, id=10544, stack(0x0000000018d70000,0x0000000018e70000)]
  0x000000001847e800 JavaThread "C1 CompilerThread2" daemon [_thread_blocked, id=22156, stack(0x0000000018c70000,0x0000000018d70000)]
  0x000000001715e800 JavaThread "C2 CompilerThread1" daemon [_thread_in_native, id=26200, stack(0x0000000018b70000,0x0000000018c70000)]
=>0x000000001715a000 JavaThread "C2 CompilerThread0" daemon [_thread_in_native, id=7036, stack(0x0000000018a70000,0x0000000018b70000)]
  0x0000000017158000 JavaThread "Attach Listener" daemon [_thread_blocked, id=33348, stack(0x0000000018970000,0x0000000018a70000)]
  0x000000001710d000 JavaThread "Signal Dispatcher" daemon [_thread_blocked, id=9768, stack(0x0000000018870000,0x0000000018970000)]
  0x000000000370b800 JavaThread "Finalizer" daemon [_thread_blocked, id=32020, stack(0x0000000018370000,0x0000000018470000)]
  0x00000000036ff800 JavaThread "Reference Handler" daemon [_thread_blocked, id=5484, stack(0x0000000018270000,0x0000000018370000)]
  0x000000000378d800 JavaThread "main" [_thread_blocked, id=208, stack(0x0000000003190000,0x0000000003290000)]

Other Threads:
  0x00000000170c7000 VMThread [stack: 0x0000000018170000,0x0000000018270000] [id=10728]
  0x0000000018502000 WatcherThread [stack: 0x0000000018e70000,0x0000000018f70000] [id=11512]

VM state:not at safepoint (normal execution)

VM Mutex/Monitor currently owned by a thread: None

Heap:
 PSYoungGen      total 72192K, used 43736K [0x00000000e0000000, 0x00000000e5000000, 0x0000000100000000)
  eden space 62464K, 58% used [0x00000000e0000000,0x00000000e23f7588,0x00000000e3d00000)
  from space 9728K, 70% used [0x00000000e3d00000,0x00000000e43beaf0,0x00000000e4680000)
  to   space 8704K, 0% used [0x00000000e4780000,0x00000000e4780000,0x00000000e5000000)
 ParOldGen       total 55296K, used 8068K [0x00000000a0000000, 0x00000000a3600000, 0x00000000e0000000)
  object space 55296K, 14% used [0x00000000a0000000,0x00000000a07e13d0,0x00000000a3600000)
 Metaspace       used 29119K, capacity 29692K, committed 29952K, reserved 1075200K
  class space    used 4044K, capacity 4231K, committed 4352K, reserved 1048576K

Card table byte_map: [0x0000000012b50000,0x0000000012e60000] byte_map_base: 0x0000000012650000

Marking Bits: (ParMarkBitMap*) 0x0000000054dd5aa0
 Begin Bits: [0x0000000013460000, 0x0000000014c60000)
 End Bits:   [0x0000000014c60000, 0x0000000016460000)

Polling page: 0x00000000014b0000

CodeCache: size=245760Kb used=9217Kb max_used=9217Kb free=236542Kb
 bounds [0x0000000003790000, 0x00000000040a0000, 0x0000000012790000]
 total_blobs=2994 nmethods=2324 adapters=583
 compilation: enabled

Compilation events (10 events):
Event: 5.072 Thread 0x000000001847e800 2328  s    3       java.io.ByteArrayOutputStream::write (66 bytes)
Event: 5.072 Thread 0x000000001847e800 nmethod 2328 0x000000000408ee90 code [0x000000000408f040, 0x000000000408f6a8]
Event: 5.072 Thread 0x000000001847e800 2329   !   3       org.gradle.internal.event.AbstractBroadcastDispatch::dispatch (191 bytes)
Event: 5.073 Thread 0x000000001847e800 nmethod 2329 0x000000000408f8d0 code [0x000000000408fbe0, 0x0000000004091548]
Event: 5.098 Thread 0x000000001847e800 2330       3       sun.reflect.annotation.AnnotationParser$1::run (5 bytes)
Event: 5.098 Thread 0x000000001847e800 nmethod 2330 0x0000000004091f90 code [0x0000000004092100, 0x0000000004092308]
Event: 5.098 Thread 0x000000001847e800 2331       3       sun.reflect.annotation.AnnotationParser$1::run (40 bytes)
Event: 5.099 Thread 0x000000001847e800 nmethod 2331 0x0000000004092390 code [0x00000000040925c0, 0x00000000040933d8]
Event: 5.099 Thread 0x000000001847e800 2332       3       java.lang.reflect.Modifier::isFinal (13 bytes)
Event: 5.099 Thread 0x000000001847e800 nmethod 2332 0x0000000004093990 code [0x0000000004093ae0, 0x0000000004093c70]

GC Heap History (10 events):
Event: 3.190 GC heap before
{Heap before GC invocations=4 (full 0):
 PSYoungGen      total 36352K, used 36344K [0x00000000e0000000, 0x00000000e2880000, 0x0000000100000000)
  eden space 31232K, 100% used [0x00000000e0000000,0x00000000e1e80000,0x00000000e1e80000)
  from space 5120K, 99% used [0x00000000e1e80000,0x00000000e237e010,0x00000000e2380000)
  to   space 5120K, 0% used [0x00000000e2380000,0x00000000e2380000,0x00000000e2880000)
 ParOldGen       total 83456K, used 2156K [0x00000000a0000000, 0x00000000a5180000, 0x00000000e0000000)
  object space 83456K, 2% used [0x00000000a0000000,0x00000000a021b280,0x00000000a5180000)
 Metaspace       used 16172K, capacity 16630K, committed 16896K, reserved 1062912K
  class space    used 2297K, capacity 2459K, committed 2560K, reserved 1048576K
Event: 3.200 GC heap after
Heap after GC invocations=4 (full 0):
 PSYoungGen      total 36352K, used 5096K [0x00000000e0000000, 0x00000000e2880000, 0x0000000100000000)
  eden space 31232K, 0% used [0x00000000e0000000,0x00000000e0000000,0x00000000e1e80000)
  from space 5120K, 99% used [0x00000000e2380000,0x00000000e287a020,0x00000000e2880000)
  to   space 5120K, 0% used [0x00000000e1e80000,0x00000000e1e80000,0x00000000e2380000)
 ParOldGen       total 83456K, used 5424K [0x00000000a0000000, 0x00000000a5180000, 0x00000000e0000000)
  object space 83456K, 6% used [0x00000000a0000000,0x00000000a054c358,0x00000000a5180000)
 Metaspace       used 16172K, capacity 16630K, committed 16896K, reserved 1062912K
  class space    used 2297K, capacity 2459K, committed 2560K, reserved 1048576K
}
Event: 3.635 GC heap before
{Heap before GC invocations=5 (full 0):
 PSYoungGen      total 36352K, used 36328K [0x00000000e0000000, 0x00000000e2880000, 0x0000000100000000)
  eden space 31232K, 100% used [0x00000000e0000000,0x00000000e1e80000,0x00000000e1e80000)
  from space 5120K, 99% used [0x00000000e2380000,0x00000000e287a020,0x00000000e2880000)
  to   space 5120K, 0% used [0x00000000e1e80000,0x00000000e1e80000,0x00000000e2380000)
 ParOldGen       total 83456K, used 5424K [0x00000000a0000000, 0x00000000a5180000, 0x00000000e0000000)
  object space 83456K, 6% used [0x00000000a0000000,0x00000000a054c358,0x00000000a5180000)
 Metaspace       used 19119K, capacity 19618K, committed 19840K, reserved 1067008K
  class space    used 2749K, capacity 2929K, committed 2944K, reserved 1048576K
Event: 3.641 GC heap after
Heap after GC invocations=5 (full 0):
 PSYoungGen      total 36352K, used 5112K [0x00000000e0000000, 0x00000000e5200000, 0x0000000100000000)
  eden space 31232K, 0% used [0x00000000e0000000,0x00000000e0000000,0x00000000e1e80000)
  from space 5120K, 99% used [0x00000000e1e80000,0x00000000e237e040,0x00000000e2380000)
  to   space 10752K, 0% used [0x00000000e4780000,0x00000000e4780000,0x00000000e5200000)
 ParOldGen       total 83456K, used 8884K [0x00000000a0000000, 0x00000000a5180000, 0x00000000e0000000)
  object space 83456K, 10% used [0x00000000a0000000,0x00000000a08ad100,0x00000000a5180000)
 Metaspace       used 19119K, capacity 19618K, committed 19840K, reserved 1067008K
  class space    used 2749K, capacity 2929K, committed 2944K, reserved 1048576K
}
Event: 3.769 GC heap before
{Heap before GC invocations=6 (full 0):
 PSYoungGen      total 36352K, used 14611K [0x00000000e0000000, 0x00000000e5200000, 0x0000000100000000)
  eden space 31232K, 30% used [0x00000000e0000000,0x00000000e0946e20,0x00000000e1e80000)
  from space 5120K, 99% used [0x00000000e1e80000,0x00000000e237e040,0x00000000e2380000)
  to   space 10752K, 0% used [0x00000000e4780000,0x00000000e4780000,0x00000000e5200000)
 ParOldGen       total 83456K, used 8884K [0x00000000a0000000, 0x00000000a5180000, 0x00000000e0000000)
  object space 83456K, 10% used [0x00000000a0000000,0x00000000a08ad100,0x00000000a5180000)
 Metaspace       used 20750K, capacity 21218K, committed 21248K, reserved 1067008K
  class space    used 2890K, capacity 3057K, committed 3072K, reserved 1048576K
Event: 3.774 GC heap after
Heap after GC invocations=6 (full 0):
 PSYoungGen      total 71168K, used 6681K [0x00000000e0000000, 0x00000000e5000000, 0x0000000100000000)
  eden space 62464K, 0% used [0x00000000e0000000,0x00000000e0000000,0x00000000e3d00000)
  from space 8704K, 76% used [0x00000000e4780000,0x00000000e4e067a0,0x00000000e5000000)
  to   space 9728K, 0% used [0x00000000e3d00000,0x00000000e3d00000,0x00000000e4680000)
 ParOldGen       total 83456K, used 8892K [0x00000000a0000000, 0x00000000a5180000, 0x00000000e0000000)
  object space 83456K, 10% used [0x00000000a0000000,0x00000000a08af100,0x00000000a5180000)
 Metaspace       used 20750K, capacity 21218K, committed 21248K, reserved 1067008K
  class space    used 2890K, capacity 3057K, committed 3072K, reserved 1048576K
}
Event: 3.774 GC heap before
{Heap before GC invocations=7 (full 1):
 PSYoungGen      total 71168K, used 6681K [0x00000000e0000000, 0x00000000e5000000, 0x0000000100000000)
  eden space 62464K, 0% used [0x00000000e0000000,0x00000000e0000000,0x00000000e3d00000)
  from space 8704K, 76% used [0x00000000e4780000,0x00000000e4e067a0,0x00000000e5000000)
  to   space 9728K, 0% used [0x00000000e3d00000,0x00000000e3d00000,0x00000000e4680000)
 ParOldGen       total 83456K, used 8892K [0x00000000a0000000, 0x00000000a5180000, 0x00000000e0000000)
  object space 83456K, 10% used [0x00000000a0000000,0x00000000a08af100,0x00000000a5180000)
 Metaspace       used 20750K, capacity 21218K, committed 21248K, reserved 1067008K
  class space    used 2890K, capacity 3057K, committed 3072K, reserved 1048576K
Event: 3.809 GC heap after
Heap after GC invocations=7 (full 1):
 PSYoungGen      total 71168K, used 0K [0x00000000e0000000, 0x00000000e5000000, 0x0000000100000000)
  eden space 62464K, 0% used [0x00000000e0000000,0x00000000e0000000,0x00000000e3d00000)
  from space 8704K, 0% used [0x00000000e4780000,0x00000000e4780000,0x00000000e5000000)
  to   space 9728K, 0% used [0x00000000e3d00000,0x00000000e3d00000,0x00000000e4680000)
 ParOldGen       total 55296K, used 8060K [0x00000000a0000000, 0x00000000a3600000, 0x00000000e0000000)
  object space 55296K, 14% used [0x00000000a0000000,0x00000000a07df3d0,0x00000000a3600000)
 Metaspace       used 20750K, capacity 21218K, committed 21248K, reserved 1067008K
  class space    used 2890K, capacity 3057K, committed 3072K, reserved 1048576K
}
Event: 4.656 GC heap before
{Heap before GC invocations=8 (full 1):
 PSYoungGen      total 71168K, used 62464K [0x00000000e0000000, 0x00000000e5000000, 0x0000000100000000)
  eden space 62464K, 100% used [0x00000000e0000000,0x00000000e3d00000,0x00000000e3d00000)
  from space 8704K, 0% used [0x00000000e4780000,0x00000000e4780000,0x00000000e5000000)
  to   space 9728K, 0% used [0x00000000e3d00000,0x00000000e3d00000,0x00000000e4680000)
 ParOldGen       total 55296K, used 8060K [0x00000000a0000000, 0x00000000a3600000, 0x00000000e0000000)
  object space 55296K, 14% used [0x00000000a0000000,0x00000000a07df3d0,0x00000000a3600000)
 Metaspace       used 27109K, capacity 27600K, committed 27776K, reserved 1073152K
  class space    used 3692K, capacity 3876K, committed 3968K, reserved 1048576K
Event: 4.662 GC heap after
Heap after GC invocations=8 (full 1):
 PSYoungGen      total 72192K, used 6906K [0x00000000e0000000, 0x00000000e5000000, 0x0000000100000000)
  eden space 62464K, 0% used [0x00000000e0000000,0x00000000e0000000,0x00000000e3d00000)
  from space 9728K, 70% used [0x00000000e3d00000,0x00000000e43beaf0,0x00000000e4680000)
  to   space 8704K, 0% used [0x00000000e4780000,0x00000000e4780000,0x00000000e5000000)
 ParOldGen       total 55296K, used 8068K [0x00000000a0000000, 0x00000000a3600000, 0x00000000e0000000)
  object space 55296K, 14% used [0x00000000a0000000,0x00000000a07e13d0,0x00000000a3600000)
 Metaspace       used 27109K, capacity 27600K, committed 27776K, reserved 1073152K
  class space    used 3692K, capacity 3876K, committed 3968K, reserved 1048576K
}

Deoptimization events (10 events):
Event: 4.037 Thread 0x000000001a1ab000 Uncommon trap: reason=unstable_if action=reinterpret pc=0x0000000003d3a500 method=java.lang.ClassLoader.getClassLoadingLock(Ljava/lang/String;)Ljava/lang/Object; @ 6
Event: 4.051 Thread 0x000000001a1ab000 Uncommon trap: reason=class_check action=maybe_recompile pc=0x0000000003d982e4 method=sun.misc.URLClassPath.getLoader(I)Lsun/misc/URLClassPath$Loader; @ 239
Event: 4.059 Thread 0x000000001a1ab000 Uncommon trap: reason=class_check action=maybe_recompile pc=0x0000000003d982e4 method=sun.misc.URLClassPath.getLoader(I)Lsun/misc/URLClassPath$Loader; @ 239
Event: 4.227 Thread 0x000000001a1ab000 Uncommon trap: reason=unstable_if action=reinterpret pc=0x0000000003c2b1e0 method=java.util.HashMap.hash(Ljava/lang/Object;)I @ 1
Event: 4.306 Thread 0x000000001a1ab000 Uncommon trap: reason=unstable_if action=reinterpret pc=0x0000000003a4c4f8 method=java.util.HashMap.getNode(ILjava/lang/Object;)Ljava/util/HashMap$Node; @ 53
Event: 4.306 Thread 0x000000001a1ab000 Uncommon trap: reason=unstable_if action=reinterpret pc=0x0000000003a18ef0 method=java.util.HashMap.hash(Ljava/lang/Object;)I @ 1
Event: 4.306 Thread 0x000000001a1ab000 Uncommon trap: reason=unstable_if action=reinterpret pc=0x0000000003bfc55c method=java.util.HashMap.putVal(ILjava/lang/Object;Ljava/lang/Object;ZZ)Ljava/lang/Object; @ 85
Event: 4.316 Thread 0x000000001a1ab000 Uncommon trap: reason=unstable_if action=reinterpret pc=0x0000000003a50930 method=java.util.LinkedHashMap.afterNodeInsertion(Z)V @ 1
Event: 4.492 Thread 0x000000001a1ab000 Uncommon trap: reason=class_check action=maybe_recompile pc=0x0000000003d980c8 method=sun.misc.URLClassPath.getLoader(I)Lsun/misc/URLClassPath$Loader; @ 94
Event: 4.605 Thread 0x000000001a1ab000 Uncommon trap: reason=unstable_if action=reinterpret pc=0x0000000003a2573c method=java.io.WinNTFileSystem.resolve(Ljava/lang/String;Ljava/lang/String;)Ljava/lang/String; @ 49

Classes redefined (0 events):
No events

Internal exceptions (10 events):
Event: 4.645 Thread 0x000000001a1ab000 Exception <a 'java/lang/ClassNotFoundException': org/gradle/api/internal/DefaultDomainObjectCollectionCustomizer> (0x00000000e3b51218) thrown at [D:\src\AOSP-openjdk-cygwin\jdk8u\hotspot\src\share\vm\classfile\systemDictionary.cpp, line 210]
Event: 4.649 Thread 0x000000001a1ab000 Exception <a 'java/lang/ClassNotFoundException': org/gradle/api/internal/DefaultNamedDomainObjectCollectionCustomizer> (0x00000000e3bac3b0) thrown at [D:\src\AOSP-openjdk-cygwin\jdk8u\hotspot\src\share\vm\classfile\systemDictionary.cpp, line 210]
Event: 4.652 Thread 0x000000001a1ab000 Exception <a 'java/lang/ClassNotFoundException': org/gradle/api/internal/DefaultNamedDomainObjectListCustomizer> (0x00000000e3c226f0) thrown at [D:\src\AOSP-openjdk-cygwin\jdk8u\hotspot\src\share\vm\classfile\systemDictionary.cpp, line 210]
Event: 4.654 Thread 0x000000001a1ab000 Exception <a 'java/lang/ClassNotFoundException': org/gradle/api/internal/artifacts/DefaultArtifactRepositoryContainerCustomizer> (0x00000000e3c96538) thrown at [D:\src\AOSP-openjdk-cygwin\jdk8u\hotspot\src\share\vm\classfile\systemDictionary.cpp, line 210
Event: 4.655 Thread 0x000000001a1ab000 Exception <a 'java/lang/ClassNotFoundException': org/gradle/api/internal/artifacts/dsl/DefaultRepositoryHandlerCustomizer> (0x00000000e3cfc670) thrown at [D:\src\AOSP-openjdk-cygwin\jdk8u\hotspot\src\share\vm\classfile\systemDictionary.cpp, line 210]
Event: 4.667 Thread 0x000000001a1ab000 Exception <a 'java/lang/ClassNotFoundException': org/gradle/api/internal/artifacts/dsl/DefaultRepositoryHandler_DecoratedCustomizer> (0x00000000e006bbd8) thrown at [D:\src\AOSP-openjdk-cygwin\jdk8u\hotspot\src\share\vm\classfile\systemDictionary.cpp, line
Event: 5.049 Thread 0x000000001a1ab000 Exception <a 'java/lang/ClassNotFoundException': org/gradle/api/internal/artifacts/dsl/dependencies/DefaultDependencyHandler_DecoratedBeanInfo> (0x00000000e1a722f0) thrown at [D:\src\AOSP-openjdk-cygwin\jdk8u\hotspot\src\share\vm\classfile\systemDictionar
Event: 5.049 Thread 0x000000001a1ab000 Exception <a 'java/lang/ClassNotFoundException': org/gradle/api/internal/artifacts/dsl/dependencies/DefaultDependencyHandlerBeanInfo> (0x00000000e1ac4778) thrown at [D:\src\AOSP-openjdk-cygwin\jdk8u\hotspot\src\share\vm\classfile\systemDictionary.cpp, lin
Event: 5.050 Thread 0x000000001a1ab000 Exception <a 'java/lang/ClassNotFoundException': org/gradle/api/internal/artifacts/dsl/dependencies/DefaultDependencyHandlerCustomizer> (0x00000000e1b179f0) thrown at [D:\src\AOSP-openjdk-cygwin\jdk8u\hotspot\src\share\vm\classfile\systemDictionary.cpp, l
Event: 5.052 Thread 0x000000001a1ab000 Exception <a 'java/lang/ClassNotFoundException': org/gradle/api/internal/artifacts/dsl/dependencies/DefaultDependencyHandler_DecoratedCustomizer> (0x00000000e1b91e88) thrown at [D:\src\AOSP-openjdk-cygwin\jdk8u\hotspot\src\share\vm\classfile\systemDiction

Events (10 events):
Event: 5.122 loading class org/gradle/api/internal/artifacts/ivyservice/ivyresolve/RepositoryChainArtifactResolver
Event: 5.122 loading class org/gradle/api/internal/artifacts/ivyservice/ivyresolve/RepositoryChainArtifactResolver done
Event: 5.123 loading class org/gradle/internal/resolve/result/BuildableComponentArtifactsResolveResult
Event: 5.123 loading class org/gradle/internal/resolve/result/BuildableComponentArtifactsResolveResult done
Event: 5.123 loading class org/gradle/internal/resolve/result/ResolveResult
Event: 5.123 loading class org/gradle/internal/resolve/result/ResolveResult done
Event: 5.123 loading class org/gradle/internal/resolve/result/BuildableTypedResolveResult
Event: 5.123 loading class org/gradle/internal/resolve/result/BuildableTypedResolveResult done
Event: 5.125 loading class org/gradle/api/internal/artifacts/ivyservice/ivyresolve/ResolveIvyFactory$ParentModuleLookupResolver
Event: 5.125 loading class org/gradle/api/internal/artifacts/ivyservice/ivyresolve/ResolveIvyFactory$ParentModuleLookupResolver done


Dynamic libraries:
0x00007ff722110000 - 0x00007ff722141000 	D:\安卓\jre\bin\java.exe
0x00007ffa77830000 - 0x00007ffa77a11000 	C:\Windows\SYSTEM32\ntdll.dll
0x00007ffa75680000 - 0x00007ffa75731000 	C:\Windows\System32\KERNEL32.DLL
0x00007ffa747a0000 - 0x00007ffa74a13000 	C:\Windows\System32\KERNELBASE.dll
0x00007ffa75740000 - 0x00007ffa757e1000 	C:\Windows\System32\ADVAPI32.dll
0x00007ffa77760000 - 0x00007ffa777fe000 	C:\Windows\System32\msvcrt.dll
0x00007ffa771b0000 - 0x00007ffa7720b000 	C:\Windows\System32\sechost.dll
0x00007ffa74cd0000 - 0x00007ffa74df4000 	C:\Windows\System32\RPCRT4.dll
0x00007ffa77210000 - 0x00007ffa773a0000 	C:\Windows\System32\USER32.dll
0x00007ffa74b20000 - 0x00007ffa74b40000 	C:\Windows\System32\win32u.dll
0x00007ffa773a0000 - 0x00007ffa773c8000 	C:\Windows\System32\GDI32.dll
0x00007ffa73c00000 - 0x00007ffa73d92000 	C:\Windows\System32\gdi32full.dll
0x00007ffa74b40000 - 0x00007ffa74bdf000 	C:\Windows\System32\msvcp_win.dll
0x00007ffa74a20000 - 0x00007ffa74b18000 	C:\Windows\System32\ucrtbase.dll
0x00007ffa67b40000 - 0x00007ffa67da9000 	C:\Windows\WinSxS\amd64_microsoft.windows.common-controls_6595b64144ccf1df_6.0.17134.706_none_fb43a2cb30647007\COMCTL32.dll
0x00007ffa773d0000 - 0x00007ffa776f2000 	C:\Windows\System32\combase.dll
0x00007ffa74c40000 - 0x00007ffa74cba000 	C:\Windows\System32\bcryptPrimitives.dll
0x00007ffa757f0000 - 0x00007ffa7581d000 	C:\Windows\System32\IMM32.DLL
0x0000000054fa0000 - 0x0000000055072000 	D:\安卓\jre\jre\bin\msvcr100.dll
0x0000000054610000 - 0x0000000054e51000 	D:\安卓\jre\jre\bin\server\jvm.dll
0x00007ffa771a0000 - 0x00007ffa771a8000 	C:\Windows\System32\PSAPI.DLL
0x00007ffa65790000 - 0x00007ffa65799000 	C:\Windows\SYSTEM32\WSOCK32.dll
0x00007ffa71db0000 - 0x00007ffa71dd3000 	C:\Windows\SYSTEM32\WINMM.dll
0x00007ffa6f970000 - 0x00007ffa6f97a000 	C:\Windows\SYSTEM32\VERSION.dll
0x00007ffa76f10000 - 0x00007ffa76f7c000 	C:\Windows\System32\WS2_32.dll
0x00007ffa71d80000 - 0x00007ffa71daa000 	C:\Windows\SYSTEM32\WINMMBASE.dll
0x00007ffa73e50000 - 0x00007ffa73e99000 	C:\Windows\System32\cfgmgr32.dll
0x00007ffa65780000 - 0x00007ffa6578f000 	D:\安卓\jre\jre\bin\verify.dll
0x00007ffa5c8f0000 - 0x00007ffa5c919000 	D:\安卓\jre\jre\bin\java.dll
0x00007ffa5c8b0000 - 0x00007ffa5c8c6000 	D:\安卓\jre\jre\bin\zip.dll
0x00007ffa759e0000 - 0x00007ffa76e20000 	C:\Windows\System32\SHELL32.dll
0x00007ffa770f0000 - 0x00007ffa77199000 	C:\Windows\System32\shcore.dll
0x00007ffa74090000 - 0x00007ffa7479d000 	C:\Windows\System32\windows.storage.dll
0x00007ffa77700000 - 0x00007ffa77751000 	C:\Windows\System32\shlwapi.dll
0x00007ffa73bc0000 - 0x00007ffa73bd1000 	C:\Windows\System32\kernel.appcore.dll
0x00007ffa73b50000 - 0x00007ffa73b6f000 	C:\Windows\System32\profapi.dll
0x00007ffa73b70000 - 0x00007ffa73bbc000 	C:\Windows\System32\powrprof.dll
0x00007ffa73b40000 - 0x00007ffa73b4a000 	C:\Windows\System32\FLTLIB.DLL
0x00007ffa5c890000 - 0x00007ffa5c8aa000 	D:\安卓\jre\jre\bin\net.dll
0x00007ffa733c0000 - 0x00007ffa73426000 	C:\Windows\system32\mswsock.dll
0x00007ffa5c7c0000 - 0x00007ffa5c7d1000 	D:\安卓\jre\jre\bin\nio.dll
0x00007ffa5c660000 - 0x00007ffa5c67e000 	C:\Users\han1254\.gradle\native\25\windows-amd64\native-platform.dll
0x00007ffa63fd0000 - 0x00007ffa63fdd000 	D:\安卓\jre\jre\bin\management.dll
0x00007ffa73570000 - 0x00007ffa73587000 	C:\Windows\SYSTEM32\CRYPTSP.dll
0x00007ffa72fa0000 - 0x00007ffa72fd3000 	C:\Windows\system32\rsaenh.dll
0x00007ffa736a0000 - 0x00007ffa736c5000 	C:\Windows\SYSTEM32\bcrypt.dll
0x00007ffa73a40000 - 0x00007ffa73a68000 	C:\Windows\SYSTEM32\USERENV.dll
0x00007ffa73590000 - 0x00007ffa7359b000 	C:\Windows\SYSTEM32\CRYPTBASE.dll
0x00007ffa73140000 - 0x00007ffa73178000 	C:\Windows\SYSTEM32\IPHLPAPI.DLL
0x00007ffa74e00000 - 0x00007ffa74e08000 	C:\Windows\System32\NSI.dll
0x00007ffa6b800000 - 0x00007ffa6b816000 	C:\Windows\SYSTEM32\dhcpcsvc6.DLL
0x00007ffa6b950000 - 0x00007ffa6b96a000 	C:\Windows\SYSTEM32\dhcpcsvc.DLL

VM Arguments:
jvm_args: -Xmx1536m -Dfile.encoding=GBK -Duser.country=CN -Duser.language=zh -Duser.variant 
java_command: org.gradle.launcher.daemon.bootstrap.GradleDaemon 4.10.1
java_class_path (initial): C:\Users\han1254\.gradle\wrapper\dists\gradle-4.10.1-all\455itskqi2qtf0v2sja68alqd\gradle-4.10.1\lib\gradle-launcher-4.10.1.jar
Launcher Type: SUN_STANDARD

Environment Variables:
JAVA_HOME=C:\Program Files\Java\jdk-11.0.1
CLASSPATH=.;C:\Program Files\Java\jdk1.8.0_131\lib\dt.jar;C:\Program Files\Java\jdk1.8.0_131\lib\tools.jar;?
PATH=C:\Android\Sdk\platform-tools;;C:\MinGW\bin;C:\Program Files\Java\jdk1.8.0_131\bin;C:\Program Files\dotnet\;C:\Program Files\nodejs\;F:\Git\cmd;C:\Users\han1254\AppData\Local\Programs\Python\Python37-32;C:\Users\han1254\AppData\Local\Programs\Python\Python37-32\Scripts\;C:\Users\han1254\AppData\Local\Programs\Python\Python37-32\;C:\Users\han1254\AppData\Local\Microsoft\WindowsApps;C:\Program Files\Bandizip\;C:\Program Files\Java\jdk-11.0.1\bin;C:\Program Files\Java\jdk-11.0.1\jre\bin;C:\Users\han1254\Microsoft VS Code\bin;D:\Microsoft VS Code\bin;C:\Users\han1254\AppData\Roaming\npm;C:\Users\han1254\AppData\Local\GitHubDesktop\bin
USERNAME=han1254
OS=Windows_NT
PROCESSOR_IDENTIFIER=Intel64 Family 6 Model 158 Stepping 9, GenuineIntel



---------------  S Y S T E M  ---------------

OS: Windows 10.0 , 64 bit Build 17134 (10.0.17134.706)

CPU:total 4 (initial active 4) (4 cores per cpu, 1 threads per core) family 6 model 158 stepping 9, cmov, cx8, fxsr, mmx, sse, sse2, sse3, ssse3, sse4.1, sse4.2, popcnt, avx, avx2, aes, clmul, erms, 3dnowpref, lzcnt, tsc, tscinvbit, bmi1, bmi2, adx

Memory: 4k page, physical 7920996k(505308k free), swap 22994272k(5292k free)

vm_info: OpenJDK 64-Bit Server VM (25.152-b01) for windows-amd64 JRE (1.8.0_152-release-1248-b01), built by "builder" with MS VC++ 10.0 (VS2010)

time: Tue Apr 16 09:11:54 2019
elapsed time: 5 seconds (0d 0h 0m 5s)

